--- Startup times for process: Primary (or UI client) ---

times in msec
 clock   self+sourced   self:  sourced script
 clock   elapsed:              other lines

000.000  000.000: --- NVIM STARTING ---
000.321  000.320: event init
000.886  000.566: early init
008.330  007.444: locale set
008.408  000.078: init first window
012.548  004.140: inits 1
012.565  000.017: window checked
012.574  000.009: parsing arguments
013.411  000.046  000.046: require('vim.shared')
013.501  000.034  000.034: require('vim.inspect')
013.543  000.032  000.032: require('vim._options')
013.545  000.130  000.065: require('vim._editor')
013.547  000.224  000.047: require('vim._init_packages')
013.550  000.752: init lua interpreter
020.147  006.597: nvim_ui_attach
020.467  000.320: nvim_set_client_info
020.468  000.001: --- NVIM STARTED ---

--- Startup times for process: Embedded ---

times in msec
 clock   self+sourced   self:  sourced script
 clock   elapsed:              other lines

000.000  000.000: --- NVIM STARTING ---
000.267  000.266: event init
000.472  000.206: early init
011.405  010.932: locale set
011.457  000.052: init first window
012.941  001.484: inits 1
012.978  000.037: window checked
012.986  000.008: parsing arguments
013.646  000.043  000.043: require('vim.shared')
013.729  000.033  000.033: require('vim.inspect')
013.773  000.035  000.035: require('vim._options')
013.775  000.126  000.059: require('vim._editor')
013.777  000.214  000.045: require('vim._init_packages')
013.779  000.578: init lua interpreter
017.860  004.081: expanding arguments
017.881  000.021: inits 2
018.163  000.283: init highlight
018.164  000.001: waiting for UI
018.478  000.313: done waiting for UI
018.484  000.006: clear screen
018.634  000.024  000.024: require('vim.keymap')
019.819  000.183  000.183: sourcing nvim_exec2()
020.105  001.619  001.412: require('vim._defaults')
020.108  000.006: init default mappings & autocommands
022.471  000.300  000.300: sourcing /opt/homebrew/Cellar/neovim/0.11.0/share/nvim/runtime/ftplugin.vim
023.577  000.238  000.238: sourcing /opt/homebrew/Cellar/neovim/0.11.0/share/nvim/runtime/indent.vim
027.260  001.881  001.881: require('lazy')
027.349  000.060  000.060: require('ffi')
027.474  000.045  000.045: require('vim.fs')
028.665  001.188  001.188: require('vim.uri')
028.677  001.321  000.088: require('vim.loader')
030.004  001.296  001.296: require('lazy.stats')
030.904  000.854  000.854: require('lazy.core.util')
031.567  000.662  000.662: require('lazy.core.config')
033.287  000.818  000.818: require('lazy.core.handler')
035.331  000.662  000.662: require('lazy.pkg')
035.337  001.229  000.567: require('lazy.core.meta')
035.344  002.056  000.827: require('lazy.core.plugin')
035.354  003.785  000.911: require('lazy.core.loader')
036.797  000.715  000.715: require('lazy.core.fragments')
049.937  001.173  001.173: require('vim.filetype')
057.168  000.835  000.835: require('lazy.core.handler.keys')
058.097  000.925  000.925: require('lazy.core.handler.cmd')
058.838  000.738  000.738: require('lazy.core.handler.event')
059.519  000.677  000.677: require('lazy.core.handler.ft')
064.175  001.219  001.219: require('dap.utils')
064.276  004.384  003.165: require('dap')
065.970  001.692  001.692: require('dap-python')
066.344  000.010  000.010: sourcing nvim_exec2() called at /Users/bridgerb/.config/nvim/init.lua:0
066.357  000.001  000.001: sourcing nvim_exec2() called at /Users/bridgerb/.config/nvim/init.lua:0
068.070  000.045  000.045: sourcing nvim_exec2() called at /opt/homebrew/Cellar/neovim/0.11.0/share/nvim/runtime/filetype.lua:0
068.072  000.730  000.684: sourcing /opt/homebrew/Cellar/neovim/0.11.0/share/nvim/runtime/filetype.lua
068.080  001.484  000.754: sourcing nvim_exec2() called at /Users/bridgerb/.config/nvim/init.lua:0
070.015  000.002  000.002: sourcing nvim_exec2() called at ColorSchemePre Autocommands for "*":0
070.022  000.001  000.001: sourcing nvim_exec2() called at ColorSchemePre Autocommands for "*":0
072.445  001.024  001.024: require('kanagawa')
073.487  001.040  001.040: require('kanagawa.utils')
074.795  001.299  001.299: require('kanagawa.colors')
076.628  000.606  000.606: require('kanagawa.lib.hsluv')
076.631  001.167  000.561: require('kanagawa.lib.color')
076.632  001.809  000.643: require('kanagawa.themes')
077.481  000.805  000.805: require('kanagawa.highlights')
078.249  000.766  000.766: require('kanagawa.highlights.editor')
079.279  000.983  000.983: require('kanagawa.highlights.syntax')
080.218  000.927  000.927: require('kanagawa.highlights.treesitter')
081.151  000.752  000.752: require('kanagawa.highlights.lsp')
082.479  001.315  001.315: require('kanagawa.highlights.plugins')
083.122  011.881  001.160: sourcing /Users/bridgerb/.local/share/nvim/lazy/kanagawa.nvim/colors/kanagawa.vim
083.145  000.007  000.007: sourcing nvim_exec2() called at /Users/bridgerb/.config/nvim/init.lua:0
083.150  000.002  000.002: sourcing nvim_exec2() called at /Users/bridgerb/.config/nvim/init.lua:0
083.153  000.001  000.001: sourcing nvim_exec2() called at /Users/bridgerb/.config/nvim/init.lua:0
083.156  000.001  000.001: sourcing nvim_exec2() called at /Users/bridgerb/.config/nvim/init.lua:0
083.159  000.001  000.001: sourcing nvim_exec2() called at /Users/bridgerb/.config/nvim/init.lua:0
083.267  000.003  000.003: sourcing nvim_exec2() called at /Users/bridgerb/.config/nvim/init.lua:0
083.274  000.001  000.001: sourcing nvim_exec2() called at /Users/bridgerb/.config/nvim/init.lua:0
086.550  000.885  000.885: require('toggleterm.lazy')
087.471  000.918  000.918: require('toggleterm.constants')
088.381  000.908  000.908: require('toggleterm.terminal')
088.386  005.108  002.397: require('toggleterm')
089.579  000.560  000.560: require('toggleterm.colors')
090.156  000.576  000.576: require('toggleterm.utils')
090.162  001.775  000.639: require('toggleterm.config')
090.219  000.006  000.006: require('vim.F')
090.793  000.571  000.571: require('vim.version')
092.737  000.807  000.807: require('toggleterm.commandline')
094.114  000.202  000.202: sourcing /Users/bridgerb/.local/share/nvim/lazy/nvim-web-devicons/plugin/nvim-web-devicons.vim
094.122  000.756  000.554: sourcing nvim_exec2() called at /Users/bridgerb/.config/nvim/init.lua:0
094.128  000.002  000.002: sourcing nvim_exec2() called at /Users/bridgerb/.config/nvim/init.lua:0
094.138  000.001  000.001: sourcing nvim_exec2() called at /Users/bridgerb/.config/nvim/init.lua:0
094.147  000.001  000.001: sourcing nvim_exec2() called at /Users/bridgerb/.config/nvim/init.lua:0
094.155  000.001  000.001: sourcing nvim_exec2() called at /Users/bridgerb/.config/nvim/init.lua:0
096.366  002.209  002.209: require('oil')
097.163  000.794  000.794: require('oil.ringbuf')
098.037  000.872  000.872: require('oil.config')
100.304  000.730  000.730: require('oil.log')
100.327  001.710  000.981: require('oil.fs')
101.851  000.711  000.711: require('oil.constants')
101.922  001.595  000.884: require('oil.util')
103.030  000.336  000.336: sourcing /Users/bridgerb/.local/share/nvim/lazy/vim-startuptime/plugin/startuptime.vim
103.039  000.782  000.446: sourcing nvim_exec2() called at /Users/bridgerb/.config/nvim/init.lua:0
103.049  000.002  000.002: sourcing nvim_exec2() called at /Users/bridgerb/.config/nvim/init.lua:0
103.063  000.001  000.001: sourcing nvim_exec2() called at /Users/bridgerb/.config/nvim/init.lua:0
103.365  000.001  000.001: sourcing nvim_exec2() called at /Users/bridgerb/.config/nvim/init.lua:0
103.376  000.001  000.001: sourcing nvim_exec2() called at /Users/bridgerb/.config/nvim/init.lua:0
107.455  001.187  001.187: require('FTerm.utils')
107.469  002.406  001.219: require('FTerm.terminal')
107.474  004.095  001.689: require('FTerm')
107.688  000.002  000.002: sourcing nvim_exec2() called at /Users/bridgerb/.config/nvim/init.lua:0
107.700  000.001  000.001: sourcing nvim_exec2() called at /Users/bridgerb/.config/nvim/init.lua:0
113.520  000.597  000.597: require('vim.treesitter.language')
114.137  000.615  000.615: require('vim.func')
114.688  000.547  000.547: require('vim.func._memoize')
114.709  002.910  001.152: require('vim.treesitter.query')
115.576  000.865  000.865: require('vim.treesitter._range')
115.589  004.949  001.173: require('vim.treesitter.languagetree')
115.594  006.177  001.228: require('vim.treesitter')
115.624  007.920  001.743: require('indentmini')
117.172  000.214  000.214: sourcing /Users/bridgerb/.local/share/nvim/lazy/plenary.nvim/plugin/plenary.vim
117.182  000.823  000.609: sourcing nvim_exec2() called at /Users/bridgerb/.config/nvim/init.lua:0
117.188  000.001  000.001: sourcing nvim_exec2() called at /Users/bridgerb/.config/nvim/init.lua:0
117.207  000.001  000.001: sourcing nvim_exec2() called at /Users/bridgerb/.config/nvim/init.lua:0
117.217  000.001  000.001: sourcing nvim_exec2() called at /Users/bridgerb/.config/nvim/init.lua:0
117.223  000.001  000.001: sourcing nvim_exec2() called at /Users/bridgerb/.config/nvim/init.lua:0
120.728  000.635  000.635: require('harpoon.utils')
120.776  001.381  000.746: require('harpoon.logger')
122.628  000.618  000.618: require('harpoon.autocmd')
122.633  001.244  000.625: require('harpoon.buffer')
123.280  000.646  000.646: require('harpoon.extensions')
123.284  002.507  000.617: require('harpoon.ui')
125.293  000.678  000.678: require('plenary.bit')
126.226  000.931  000.931: require('plenary.functional')
126.254  002.371  000.762: require('plenary.path')
126.274  002.989  000.618: require('harpoon.data')
126.874  000.598  000.598: require('harpoon.config')
127.447  000.572  000.572: require('harpoon.list')
131.733  014.505  006.458: require('harpoon')
132.246  000.004  000.004: sourcing nvim_exec2() called at /Users/bridgerb/.config/nvim/init.lua:0
132.255  000.002  000.002: sourcing nvim_exec2() called at /Users/bridgerb/.config/nvim/init.lua:0
135.626  000.681  000.681: require('mason-core.path')
138.215  000.632  000.632: require('mason-core.functional.data')
138.971  000.754  000.754: require('mason-core.functional.function')
139.880  000.904  000.904: require('mason-core.functional.list')
140.797  000.895  000.895: require('mason-core.functional.relation')
141.936  001.137  001.137: require('mason-core.functional.logic')
143.021  001.082  001.082: require('mason-core.functional.number')
143.909  000.884  000.884: require('mason-core.functional.string')
145.565  001.652  001.652: require('mason-core.functional.table')
146.360  000.792  000.792: require('mason-core.functional.type')
146.362  009.877  001.146: require('mason-core.functional')
146.398  010.771  000.894: require('mason-core.platform')
147.194  000.794  000.794: require('mason.settings')
147.198  013.336  001.090: require('mason-core.installer.InstallLocation')
149.192  000.740  000.740: require('mason-core.log')
149.194  001.343  000.603: require('mason-core.EventEmitter')
149.915  000.719  000.719: require('mason-registry.sources')
149.921  002.722  000.660: require('mason-registry')
149.923  017.315  001.257: require('mason')
150.755  000.724  000.724: require('mason.api.command')
150.800  000.003  000.003: sourcing nvim_exec2() called at /Users/bridgerb/.config/nvim/init.lua:0
150.837  000.001  000.001: sourcing nvim_exec2() called at /Users/bridgerb/.config/nvim/init.lua:0
154.901  001.037  001.037: require('mason.version')
154.907  002.434  001.397: require('mason-tool-installer')
154.917  002.959  000.525: sourcing /Users/bridgerb/.local/share/nvim/lazy/mason-tool-installer.nvim/plugin/mason-tool-installer.lua
154.924  003.479  000.520: sourcing nvim_exec2() called at /Users/bridgerb/.config/nvim/init.lua:0
154.929  000.001  000.001: sourcing nvim_exec2() called at /Users/bridgerb/.config/nvim/init.lua:0
154.942  000.001  000.001: sourcing nvim_exec2() called at /Users/bridgerb/.config/nvim/init.lua:0
154.994  000.001  000.001: sourcing nvim_exec2() called at /Users/bridgerb/.config/nvim/init.lua:0
154.999  000.001  000.001: sourcing nvim_exec2() called at /Users/bridgerb/.config/nvim/init.lua:0
158.751  000.685  000.685: require('vim.lsp.log')
160.039  001.286  001.286: require('vim.lsp.protocol')
160.978  000.936  000.936: require('vim.lsp.util')
162.231  000.628  000.628: require('vim.lsp.sync')
162.234  001.255  000.627: require('vim.lsp._changetracking')
163.741  000.656  000.656: require('vim.lsp._transport')
163.759  001.523  000.867: require('vim.lsp.rpc')
163.804  006.766  001.081: require('vim.lsp')
164.645  000.840  000.840: require('lspconfig.util')
165.779  009.735  002.129: sourcing /Users/bridgerb/.local/share/nvim/lazy/nvim-lspconfig/plugin/lspconfig.lua
165.788  010.528  000.793: sourcing nvim_exec2() called at /Users/bridgerb/.config/nvim/init.lua:0
165.793  000.002  000.002: sourcing nvim_exec2() called at /Users/bridgerb/.config/nvim/init.lua:0
165.830  000.001  000.001: sourcing nvim_exec2() called at /Users/bridgerb/.config/nvim/init.lua:0
167.833  000.786  000.786: require('cmp_nvim_lsp.source')
167.837  001.949  001.163: require('cmp_nvim_lsp')
169.265  001.347  001.347: require('vim.diagnostic')
1474.140  001.486  001.486: require('mason-lspconfig.settings')
1474.149  003.681  002.195: require('mason-lspconfig')
1478.412  000.008  000.008: sourcing nvim_exec2() called at /Users/bridgerb/.config/nvim/init.lua:0
1478.419  000.001  000.001: sourcing nvim_exec2() called at /Users/bridgerb/.config/nvim/init.lua:0
1479.690  001.522  001.513: require('mason-nvim-dap.mappings.source')
1480.433  000.722  000.722: require('mason-core.async')
1482.450  001.007  001.007: require('mason-core.async.control')
1483.424  000.973  000.973: require('mason-core.result')
1485.607  001.163  001.163: require('mason-core.async.uv')
1485.621  002.196  001.032: require('mason-core.fs')
1485.647  005.213  001.037: require('mason-registry.installer')
1489.563  001.007  001.007: require('mason-core.optional')
1492.946  001.212  001.212: require('mason-core.process')
1493.881  000.934  000.934: require('mason-core.spawn')
1493.892  003.232  001.086: require('mason-core.installer.managers.powershell')
1493.893  004.329  001.097: require('mason-core.fetch')
1494.916  001.022  001.022: require('mason-core.providers')
1498.752  000.986  000.986: require('mason-core.purl')
1498.757  001.864  000.878: require('mason-core.package.AbstractPackage')
1502.651  000.923  000.923: require('mason-core.installer.compiler.expr')
1502.656  002.012  001.089: require('mason-core.installer.compiler.link')
1507.164  000.780  000.780: require('mason-core.installer.context.InstallContextCwd')
1508.120  000.955  000.955: require('mason-core.installer.context.InstallContextFs')
1509.303  001.181  001.181: require('mason-core.installer.context.InstallContextSpawn')
1510.470  001.166  001.166: require('mason-core.receipt')
1510.480  005.014  000.932: require('mason-core.installer.context')
1510.482  005.922  000.908: require('mason-core.installer')
1510.488  006.928  001.006: require('mason-core.installer.managers.std')
1510.489  007.833  000.905: require('mason-core.installer.compiler.schemas')
1511.521  001.031  001.031: require('mason-core.installer.compiler.util')
1511.527  011.737  000.861: require('mason-core.installer.compiler')
1512.474  000.946  000.946: require('mason-core.installer.linker')
1512.477  013.720  001.037: require('mason-core.installer.InstallRunner')
1513.448  000.970  000.970: require('mason-core.installer.UninstallRunner')
1513.453  017.537  000.983: require('mason-core.package')
1513.455  018.538  001.001: require('mason-registry.sources.util')
1513.462  025.914  001.018: require('mason-registry.sources.github')
1519.107  000.788  000.788: require('mason-lspconfig.mappings')
1519.109  001.817  001.029: require('mason-lspconfig.features.automatic_enable')
1556.144  001.055  001.055: require('mason-lspconfig.lsp.omnisharp')
1622.224  001.152  001.152: require('mason-lspconfig.notify')
1622.249  002.848  001.696: require('mason-lspconfig.api.command')
1624.928  001.176  001.176: require('vim.lsp.completion')
1624.996  002.746  001.569: require('vim.lsp.handlers')
1625.095  000.008  000.008: sourcing nvim_exec2() called at /Users/bridgerb/.config/nvim/init.lua:0
1625.101  000.001  000.001: sourcing nvim_exec2() called at /Users/bridgerb/.config/nvim/init.lua:0
1628.913  001.137  001.137: require('gitsigns')
1630.075  001.071  001.071: require('gitsigns.highlight')
1631.016  000.931  000.931: require('gitsigns.debug.log')
1632.061  001.043  001.043: require('gitsigns.config')
1633.662  001.259  001.259: require('gitsigns.debounce')
1633.671  007.160  001.719: sourcing /Users/bridgerb/.local/share/nvim/lazy/gitsigns.nvim/plugin/gitsigns.lua
1633.678  007.946  000.786: sourcing nvim_exec2() called at /Users/bridgerb/.config/nvim/init.lua:0
1633.684  000.002  000.002: sourcing nvim_exec2() called at /Users/bridgerb/.config/nvim/init.lua:0
1633.691  000.001  000.001: sourcing nvim_exec2() called at /Users/bridgerb/.config/nvim/init.lua:0
1635.270  000.452  000.452: sourcing /Users/bridgerb/.local/share/nvim/lazy/marks.nvim/plugin/marks.vim
1635.278  001.296  000.844: sourcing nvim_exec2() called at /Users/bridgerb/.config/nvim/init.lua:0
1635.284  000.001  000.001: sourcing nvim_exec2() called at /Users/bridgerb/.config/nvim/init.lua:0
1635.323  000.001  000.001: sourcing nvim_exec2() called at /Users/bridgerb/.config/nvim/init.lua:0
1638.537  000.853  000.853: require('marks.utils')
1638.541  001.864  001.011: require('marks.mark')
1639.678  001.137  001.137: require('marks.bookmark')
1639.696  004.361  001.360: require('marks')
1639.758  000.009  000.009: sourcing nvim_exec2() called at /Users/bridgerb/.config/nvim/init.lua:0
1640.202  000.001  000.001: sourcing nvim_exec2() called at /Users/bridgerb/.config/nvim/init.lua:0
1640.208  000.001  000.001: sourcing nvim_exec2() called at /Users/bridgerb/.config/nvim/init.lua:0
1642.242  000.877  000.877: sourcing /Users/bridgerb/.local/share/nvim/lazy/nvim-dap/plugin/dap.lua
1642.247  001.774  000.897: sourcing nvim_exec2() called at /Users/bridgerb/.config/nvim/init.lua:0
1642.251  000.001  000.001: sourcing nvim_exec2() called at /Users/bridgerb/.config/nvim/init.lua:0
1642.258  000.001  000.001: sourcing nvim_exec2() called at /Users/bridgerb/.config/nvim/init.lua:0
1643.402  001.109  001.109: require('mason-nvim-dap')
1644.424  001.021  001.021: require('mason-nvim-dap.settings')
1647.226  001.255  001.255: require('vim.health')
1647.228  002.772  001.517: require('vim.deprecated.health')
1648.232  000.982  000.982: require('mason-nvim-dap.ensure_installed')
1654.895  000.936  000.936: require('mason-nvim-dap.automatic_installation')
1665.300  000.784  000.784: require('mason-core.notify')
1666.419  000.915  000.915: require('mason-nvim-dap.mappings.adapters')
1667.054  000.634  000.634: require('mason-nvim-dap.mappings.filetypes')
1671.465  004.410  004.410: require('mason-nvim-dap.mappings.configurations')
1672.340  000.873  000.873: require('mason-nvim-dap.mappings.adapters.python')
1673.264  000.922  000.922: require('mason-nvim-dap.automatic_setup')
1674.191  000.919  000.919: require('dap.ext.vscode')
1675.029  000.819  000.819: require('mason-nvim-dap.api.command')
1675.862  000.832  000.832: require('plugins.debug.python_debugger')
1676.626  000.737  000.737: require('plugins.debug.behave_debugger')
1679.174  000.727  000.727: require('Comment.config')
1680.518  000.600  000.600: require('Comment.ft')
1680.521  001.346  000.746: require('Comment.utils')
1681.145  000.623  000.623: require('Comment.opfunc')
1681.911  000.766  000.766: require('Comment.extra')
1681.914  004.158  000.696: require('Comment.api')
1682.088  004.718  000.560: sourcing /Users/bridgerb/.local/share/nvim/lazy/Comment.nvim/plugin/Comment.lua
1682.094  005.200  000.482: sourcing nvim_exec2() called at /Users/bridgerb/.config/nvim/init.lua:0
1682.100  000.002  000.002: sourcing nvim_exec2() called at /Users/bridgerb/.config/nvim/init.lua:0
1682.107  000.001  000.001: sourcing nvim_exec2() called at /Users/bridgerb/.config/nvim/init.lua:0
1683.009  000.896  000.896: require('Comment')
1687.755  000.907  000.907: require('nvim-treesitter.utils')
1689.293  001.537  001.537: require('nvim-treesitter.parsers')
1693.246  000.981  000.981: require('nvim-treesitter.compat')
1695.019  000.854  000.854: require('nvim-treesitter.ts_utils')
1695.023  001.775  000.921: require('nvim-treesitter.tsrange')
1695.784  000.760  000.760: require('nvim-treesitter.caching')
1695.794  004.396  000.880: require('nvim-treesitter.query')
1695.807  005.681  001.285: require('nvim-treesitter.configs')
1695.811  006.517  000.836: require('nvim-treesitter.info')
1696.586  000.774  000.774: require('nvim-treesitter.shell_command_selectors')
1696.618  010.495  000.760: require('nvim-treesitter.install')
1697.459  000.839  000.839: require('nvim-treesitter.statusline')
1698.504  001.044  001.044: require('nvim-treesitter.query_predicates')
1698.506  013.464  001.087: require('nvim-treesitter')
1699.465  000.953  000.953: require('vim.iter')
1699.941  015.942  001.525: sourcing /Users/bridgerb/.local/share/nvim/lazy/nvim-treesitter/plugin/nvim-treesitter.lua
1699.948  016.566  000.624: sourcing nvim_exec2() called at /Users/bridgerb/.config/nvim/init.lua:0
1699.954  000.001  000.001: sourcing nvim_exec2() called at /Users/bridgerb/.config/nvim/init.lua:0
1699.978  000.001  000.001: sourcing nvim_exec2() called at /Users/bridgerb/.config/nvim/init.lua:0
1702.542  001.164  001.164: require('nvim-treesitter.indent')
1703.498  000.900  000.900: require('nvim-treesitter.highlight')
1704.892  000.211  000.211: sourcing /Users/bridgerb/.local/share/nvim/lazy/express_line.nvim/plugin/express_line.vim
1704.899  000.898  000.687: sourcing nvim_exec2() called at /Users/bridgerb/.config/nvim/init.lua:0
1704.903  000.001  000.001: sourcing nvim_exec2() called at /Users/bridgerb/.config/nvim/init.lua:0
1704.911  000.001  000.001: sourcing nvim_exec2() called at /Users/bridgerb/.config/nvim/init.lua:0
1707.048  001.076  001.076: require('el.builtin')
1710.083  001.022  001.022: require('plenary.compat')
1710.091  002.113  001.091: require('plenary.job')
1711.148  001.056  001.056: require('el.data')
1713.735  000.937  000.937: require('plenary.log')
1713.801  001.609  000.671: require('el.log')
1715.490  000.799  000.799: require('el.meta')
1715.492  001.690  000.891: require('el.processor')
1715.495  004.346  001.047: require('el.sections')
1715.519  008.468  000.953: require('el.extensions')
1716.837  000.761  000.761: require('el.helper')
1716.851  000.005  000.005: sourcing nvim_exec2() called at /Users/bridgerb/.config/nvim/init.lua:0
1716.859  000.004  000.004: sourcing nvim_exec2() called at /Users/bridgerb/.config/nvim/init.lua:0
1716.861  000.001  000.001: sourcing nvim_exec2() called at /Users/bridgerb/.config/nvim/init.lua:0
1716.864  001.344  000.573: require('el.subscribe')
1717.974  001.109  001.109: require('el.plugins.lsp_status')
1717.978  013.064  001.067: require('el')
1718.016  000.002  000.002: sourcing nvim_exec2() called at /Users/bridgerb/.config/nvim/init.lua:0
1718.020  000.002  000.002: sourcing nvim_exec2() called at /Users/bridgerb/.config/nvim/init.lua:0
1718.022  000.001  000.001: sourcing nvim_exec2() called at /Users/bridgerb/.config/nvim/init.lua:0
1718.039  000.010  000.010: sourcing nvim_exec2() called at /Users/bridgerb/.config/nvim/init.lua:0
1718.042  000.001  000.001: sourcing nvim_exec2() called at /Users/bridgerb/.config/nvim/init.lua:0
1718.077  000.034  000.034: sourcing nvim_exec2() called at /Users/bridgerb/.config/nvim/init.lua:0
1719.556  000.534  000.534: sourcing /Users/bridgerb/.local/share/nvim/lazy/vim-sleuth/plugin/sleuth.vim
1719.568  001.290  000.757: sourcing nvim_exec2() called at /Users/bridgerb/.config/nvim/init.lua:0
1719.574  000.002  000.002: sourcing nvim_exec2() called at /Users/bridgerb/.config/nvim/init.lua:0
1719.586  000.001  000.001: sourcing nvim_exec2() called at /Users/bridgerb/.config/nvim/init.lua:0
1719.985  000.002  000.002: sourcing nvim_exec2() called at /Users/bridgerb/.config/nvim/init.lua:0
1719.993  000.001  000.001: sourcing nvim_exec2() called at /Users/bridgerb/.config/nvim/init.lua:0
1721.348  001.352  001.352: require('mini.ai')
1722.999  001.382  001.382: require('mini.surround')
1724.580  001.385  001.385: require('mini.git')
1726.758  000.996  000.996: sourcing /Users/bridgerb/.config/nvim/plugin/autocommands.lua
1726.764  001.718  000.722: sourcing nvim_exec2() called at /Users/bridgerb/.config/nvim/init.lua:0
1728.998  001.103  001.103: sourcing /Users/bridgerb/.config/nvim/plugin/keymaps.lua
1729.004  002.234  001.131: sourcing nvim_exec2() called at /Users/bridgerb/.config/nvim/init.lua:0
1731.263  000.005  000.005: sourcing nvim_exec2() called at /Users/bridgerb/.config/nvim/plugin/options.lua:0
1731.307  001.153  001.148: sourcing /Users/bridgerb/.config/nvim/plugin/options.lua
1731.319  002.308  001.155: sourcing nvim_exec2() called at /Users/bridgerb/.config/nvim/init.lua:0
1733.377  000.861  000.861: sourcing /opt/homebrew/Cellar/neovim/0.11.0/share/nvim/runtime/plugin/editorconfig.lua
1733.383  001.619  000.758: sourcing nvim_exec2() called at /Users/bridgerb/.config/nvim/init.lua:0
1734.781  000.259  000.259: sourcing /opt/homebrew/Cellar/neovim/0.11.0/share/nvim/runtime/plugin/gzip.vim
1734.789  001.400  001.141: sourcing nvim_exec2() called at /Users/bridgerb/.config/nvim/init.lua:0
1736.488  000.817  000.817: sourcing /opt/homebrew/Cellar/neovim/0.11.0/share/nvim/runtime/plugin/man.lua
1736.494  001.669  000.851: sourcing nvim_exec2() called at /Users/bridgerb/.config/nvim/init.lua:0
1739.592  001.017  001.017: require('gitsigns.async')
1741.850  000.310  000.310: sourcing /opt/homebrew/Cellar/neovim/0.11.0/share/nvim/runtime/pack/dist/opt/matchit/plugin/matchit.vim
1741.870  004.050  002.723: sourcing /opt/homebrew/Cellar/neovim/0.11.0/share/nvim/runtime/plugin/matchit.vim
1741.876  005.378  001.328: sourcing nvim_exec2() called at /Users/bridgerb/.config/nvim/init.lua:0
1743.617  000.263  000.263: sourcing /opt/homebrew/Cellar/neovim/0.11.0/share/nvim/runtime/plugin/matchparen.vim
1743.623  001.737  001.474: sourcing nvim_exec2() called at /Users/bridgerb/.config/nvim/init.lua:0
1745.692  000.058  000.058: sourcing /opt/homebrew/Cellar/neovim/0.11.0/share/nvim/runtime/plugin/netrwPlugin.vim
1745.700  002.069  002.011: sourcing nvim_exec2() called at /Users/bridgerb/.config/nvim/init.lua:0
1747.955  000.944  000.944: sourcing /opt/homebrew/Cellar/neovim/0.11.0/share/nvim/runtime/plugin/osc52.lua
1747.962  002.213  001.270: sourcing nvim_exec2() called at /Users/bridgerb/.config/nvim/init.lua:0
1749.233  000.187  000.187: sourcing /opt/homebrew/Cellar/neovim/0.11.0/share/nvim/runtime/plugin/rplugin.vim
1749.246  001.275  001.088: sourcing nvim_exec2() called at /Users/bridgerb/.config/nvim/init.lua:0
1750.283  000.090  000.090: sourcing /opt/homebrew/Cellar/neovim/0.11.0/share/nvim/runtime/plugin/shada.vim
1750.294  001.044  000.954: sourcing nvim_exec2() called at /Users/bridgerb/.config/nvim/init.lua:0
1751.200  000.075  000.075: sourcing /opt/homebrew/Cellar/neovim/0.11.0/share/nvim/runtime/plugin/spellfile.vim
1751.216  000.907  000.832: sourcing nvim_exec2() called at /Users/bridgerb/.config/nvim/init.lua:0
1751.962  000.121  000.121: sourcing /opt/homebrew/Cellar/neovim/0.11.0/share/nvim/runtime/plugin/tarPlugin.vim
1751.970  000.742  000.622: sourcing nvim_exec2() called at /Users/bridgerb/.config/nvim/init.lua:0
1753.884  001.237  001.237: sourcing /opt/homebrew/Cellar/neovim/0.11.0/share/nvim/runtime/plugin/tohtml.lua
1753.892  001.911  000.674: sourcing nvim_exec2() called at /Users/bridgerb/.config/nvim/init.lua:0
1754.695  000.056  000.056: sourcing /opt/homebrew/Cellar/neovim/0.11.0/share/nvim/runtime/plugin/tutor.vim
1754.703  000.802  000.746: sourcing nvim_exec2() called at /Users/bridgerb/.config/nvim/init.lua:0
1755.632  000.144  000.144: sourcing /opt/homebrew/Cellar/neovim/0.11.0/share/nvim/runtime/plugin/zipPlugin.vim
1755.642  000.930  000.785: sourcing nvim_exec2() called at /Users/bridgerb/.config/nvim/init.lua:0
1757.411  000.805  000.805: sourcing /Users/bridgerb/.local/share/nvim/lazy/cmp-nvim-lsp/after/plugin/cmp_nvim_lsp.lua
1757.418  001.383  000.578: sourcing nvim_exec2() called at /Users/bridgerb/.config/nvim/init.lua:0
1757.474  1732.881  1463.700: sourcing /Users/bridgerb/.config/nvim/init.lua
1757.488  003.961: sourcing vimrc file(s)
1759.424  000.712  000.712: sourcing /opt/homebrew/Cellar/neovim/0.11.0/share/nvim/runtime/filetype.lua
1761.480  000.213  000.213: sourcing /opt/homebrew/Cellar/neovim/0.11.0/share/nvim/runtime/syntax/synload.vim
1761.551  001.188  000.975: sourcing /opt/homebrew/Cellar/neovim/0.11.0/share/nvim/runtime/syntax/syntax.vim
1761.569  002.180: inits 3
1767.320  005.751: reading ShaDa
1767.473  000.154: opening buffers
1767.622  000.148: BufEnter autocommands
1767.623  000.002: editing files in windows
1768.352  000.002  000.002: sourcing nvim_exec2() called at VimEnter Autocommands for "*":0
1768.371  000.001  000.001: sourcing nvim_exec2() called at VimEnter Autocommands for "*":0
1768.894  000.001  000.001: sourcing nvim_exec2() called at VimEnter Autocommands for "*":0
1768.912  000.001  000.001: sourcing nvim_exec2() called at VimEnter Autocommands for "*":0
1769.414  000.001  000.001: sourcing nvim_exec2() called at VimEnter Autocommands for "*":0
1769.432  000.001  000.001: sourcing nvim_exec2() called at VimEnter Autocommands for "*":0
1769.892  000.001  000.001: sourcing nvim_exec2() called at VimEnter Autocommands for "*":0
1769.922  000.001  000.001: sourcing nvim_exec2() called at VimEnter Autocommands for "*":0
1771.832  000.854  000.854: sourcing /Users/bridgerb/.local/share/nvim/lazy/telescope.nvim/plugin/telescope.lua
1771.839  001.557  000.703: sourcing nvim_exec2() called at VimEnter Autocommands for "*":0
1771.877  000.001  000.001: sourcing nvim_exec2() called at VimEnter Autocommands for "*":0
1771.888  000.001  000.001: sourcing nvim_exec2() called at VimEnter Autocommands for "*":0
1774.955  001.022  001.022: require('telescope._extensions')
1774.967  003.054  002.031: require('telescope')
1777.886  000.943  000.943: require('telescope.state')
1780.809  001.972  001.972: require('plenary.strings')
1781.808  000.997  000.997: require('telescope.deprecated')
1783.626  000.913  000.913: require('telescope.log')
1784.600  000.973  000.973: require('telescope.utils')
1784.605  002.795  000.909: require('telescope.sorters')
1785.805  007.918  002.154: require('telescope.config')
1785.808  009.965  001.104: require('telescope.actions.state')
1787.629  000.632  000.632: require('telescope.config.resolve')
1788.635  001.005  001.005: require('telescope.pickers.window')
1788.670  002.861  001.224: require('telescope.pickers.layout_strategies')
1789.660  000.989  000.989: require('telescope.actions.mt')
1789.671  014.670  000.855: require('telescope.actions.layout')
1793.198  001.170  001.170: require('plenary.window.border')
1794.203  001.004  001.004: require('plenary.window')
1795.263  001.059  001.059: require('plenary.popup.utils')
1795.266  004.374  001.142: require('plenary.popup')
1796.200  000.933  000.933: require('telescope.pickers.scroller')
1797.115  000.913  000.913: require('telescope.actions.utils')
1798.238  001.122  001.122: require('telescope.actions.set')
1799.409  001.170  001.170: require('telescope.pickers.entry_display')
1800.376  000.966  000.966: require('telescope.from_entry')
1800.702  011.030  001.552: require('telescope.actions')
1806.672  004.497  004.497: require('fzf_lib')
1806.675  005.351  000.854: require('telescope._extensions.fzf')
1807.918  001.237  001.237: require('telescope.themes')
1809.642  001.203  001.203: require('telescope._extensions.ui-select')
1815.394  001.052  001.052: require('plenary.tbl')
1815.397  001.767  000.715: require('plenary.vararg.rotate')
1815.398  002.915  001.149: require('plenary.vararg')
1816.266  000.868  000.868: require('plenary.errors')
1816.270  004.574  000.791: require('plenary.async.async')
1819.835  000.899  000.899: require('plenary.async.structs')
1819.842  001.738  000.839: require('plenary.async.control')
1819.847  002.723  000.986: require('plenary.async.util')
1819.849  003.577  000.854: require('plenary.async.tests')
1819.850  008.985  000.833: require('plenary.async')
1820.705  000.852  000.852: require('telescope.debounce')
1821.505  000.798  000.798: require('telescope.mappings')
1822.310  000.803  000.803: require('telescope.pickers.highlights')
1823.805  000.703  000.703: require('telescope.algos.linked_list')
1823.808  001.497  000.793: require('telescope.entry_manager')
1824.574  000.765  000.765: require('telescope.pickers.multi')
1824.590  014.946  001.247: require('telescope.pickers')
1826.701  001.223  001.223: require('telescope.make_entry')
1827.689  000.985  000.985: require('telescope.finders.async_static_finder')
1830.305  000.939  000.939: require('plenary.class')
1830.315  001.880  000.942: require('telescope._')
1830.317  002.627  000.747: require('telescope.finders.async_oneshot_finder')
1831.117  000.799  000.799: require('telescope.finders.async_job_finder')
1831.121  006.529  000.895: require('telescope.finders')
1831.869  000.736  000.736: require('vim.ui')
1832.660  000.782  000.782: require('telescope.builtin')
1832.743  004.015: VimEnter autocommands
1833.628  000.839  000.839: require('vim.termcap')
1833.652  000.013  000.013: require('vim.text')
1833.679  000.083: UIEnter autocommands
1833.727  000.049: before starting main loop
1834.271  000.003  000.003: sourcing nvim_exec2()
1834.278  000.004  000.004: sourcing nvim_exec2()
1834.281  000.001  000.001: sourcing nvim_exec2()
1890.062  056.327: first screen update
1890.065  000.003: --- NVIM STARTED ---

